<?xml version="1.0" encoding="UTF-8"?>
<!-- Generated by org.testng.reporters.JUnitReportReporter -->
<testsuite hostname="LM-bwi-00873754" name="com.paypal.credit.core.semantics.ProcessorBridgeMethodSemanticsTest" tests="3" failures="0" timestamp="9 Dec 2015 20:24:17 GMT" time="0.002" errors="0">
  <testcase name="testInvalidCommandClassName" time="0.000" classname="com.paypal.credit.core.semantics.ProcessorBridgeMethodSemanticsTest"/>
  <testcase name="testValidRouterMethodName" time="0.001" classname="com.paypal.credit.core.semantics.ProcessorBridgeMethodSemanticsTest"/>
  <testcase name="testValidRouterMethodName" time="0.001" classname="com.paypal.credit.core.semantics.ProcessorBridgeMethodSemanticsTest"/>
</testsuite> <!-- com.paypal.credit.core.semantics.ProcessorBridgeMethodSemanticsTest -->
