<?xml version="1.0" encoding="UTF-8"?>
<!-- Generated by org.testng.reporters.JUnitReportReporter -->
<testsuite hostname="LM-bwi-00873754" name="com.paypal.credit.core.serviceprovider.ServiceProviderFactoryTest" tests="2" failures="0" timestamp="12 Nov 2015 20:02:47 GMT" time="0.003" errors="0">
  <testcase name="testFindDataSource" time="0.000" classname="com.paypal.credit.core.serviceprovider.ServiceProviderFactoryTest"/>
  <testcase name="testCreateDataSource" time="0.003" classname="com.paypal.credit.core.serviceprovider.ServiceProviderFactoryTest"/>
</testsuite> <!-- com.paypal.credit.core.serviceprovider.ServiceProviderFactoryTest -->
