<?xml version="1.0" encoding="UTF-8"?>
<!-- Generated by org.testng.reporters.JUnitReportReporter -->
<testsuite hostname="LM-bwi-00873754" name="com.paypal.credit.workflowtest.FullStackTest" tests="1" failures="0" timestamp="8 Dec 2015 22:02:00 GMT" time="0.308" errors="0">
  <testcase name="test" time="0.308" classname="com.paypal.credit.workflowtest.FullStackTest"/>
</testsuite> <!-- com.paypal.credit.workflowtest.FullStackTest -->
