<?xml version="1.0" encoding="UTF-8"?>
<!-- Generated by org.testng.reporters.JUnitReportReporter -->
<testsuite hostname="LM-bwi-00873754" name="com.paypal.credit.workflowcommand.WorkflowReaderTest" tests="4" failures="0" timestamp="9 Dec 2015 20:24:17 GMT" time="0.070" errors="0">
  <testcase name="test" time="0.007" classname="com.paypal.credit.workflowcommand.WorkflowReaderTest"/>
  <testcase name="test" time="0.007" classname="com.paypal.credit.workflowcommand.WorkflowReaderTest"/>
  <testcase name="test" time="0.047" classname="com.paypal.credit.workflowcommand.WorkflowReaderTest"/>
  <testcase name="test" time="0.009" classname="com.paypal.credit.workflowcommand.WorkflowReaderTest"/>
</testsuite> <!-- com.paypal.credit.workflowcommand.WorkflowReaderTest -->
