<?xml version="1.0" encoding="UTF-8"?>
<!-- Generated by org.testng.reporters.JUnitReportReporter -->
<testsuite hostname="LM-bwi-00873754" name="com.paypal.credit.workflowcommand.WorkflowFactoryTest" tests="3" failures="0" timestamp="9 Dec 2015 20:24:17 GMT" time="0.029" errors="0">
  <testcase name="test" time="0.009" classname="com.paypal.credit.workflowcommand.WorkflowFactoryTest"/>
  <testcase name="test" time="0.010" classname="com.paypal.credit.workflowcommand.WorkflowFactoryTest"/>
  <testcase name="test" time="0.010" classname="com.paypal.credit.workflowcommand.WorkflowFactoryTest"/>
</testsuite> <!-- com.paypal.credit.workflowcommand.WorkflowFactoryTest -->
