<?xml version="1.0" encoding="UTF-8"?>
<!-- Generated by org.testng.reporters.JUnitReportReporter -->
<testsuite hostname="LM-bwi-00873754" name="com.paypal.credit.workflowcommand.WorkflowReaderTest" tests="4" failures="0" timestamp="8 Dec 2015 22:02:00 GMT" time="0.068" errors="0">
  <testcase name="test" time="0.007" classname="com.paypal.credit.workflowcommand.WorkflowReaderTest"/>
  <testcase name="test" time="0.008" classname="com.paypal.credit.workflowcommand.WorkflowReaderTest"/>
  <testcase name="test" time="0.008" classname="com.paypal.credit.workflowcommand.WorkflowReaderTest"/>
  <testcase name="test" time="0.045" classname="com.paypal.credit.workflowcommand.WorkflowReaderTest"/>
</testsuite> <!-- com.paypal.credit.workflowcommand.WorkflowReaderTest -->
