<?xml version="1.0" encoding="UTF-8"?>
<!-- Generated by org.testng.reporters.JUnitReportReporter -->
<testsuite hostname="LM-bwi-00873754" name="com.paypal.credit.core.datasourceprovider.DataSourceProviderFactoryTest" tests="2" failures="0" timestamp="8 Dec 2015 22:02:00 GMT" time="0.005" errors="0">
  <testcase name="testFindDataSource" time="0.001" classname="com.paypal.credit.core.datasourceprovider.DataSourceProviderFactoryTest"/>
  <testcase name="testCreateDataSource" time="0.004" classname="com.paypal.credit.core.datasourceprovider.DataSourceProviderFactoryTest"/>
</testsuite> <!-- com.paypal.credit.core.datasourceprovider.DataSourceProviderFactoryTest -->
