<?xml version="1.0" encoding="UTF-8"?>
<!-- Generated by org.testng.reporters.JUnitReportReporter -->
<testsuite hostname="LM-bwi-00873754" name="com.paypal.credit.workflowtest.FullStackTest" tests="2" failures="0" timestamp="9 Dec 2015 20:24:17 GMT" time="0.306" errors="0">
  <testcase name="testSynchronousCall" time="0.020" classname="com.paypal.credit.workflowtest.FullStackTest"/>
  <testcase name="testAsynchronousCall" time="0.286" classname="com.paypal.credit.workflowtest.FullStackTest"/>
</testsuite> <!-- com.paypal.credit.workflowtest.FullStackTest -->
