<?xml version="1.0" encoding="UTF-8"?>
<!-- Generated by org.testng.reporters.JUnitReportReporter -->
<testsuite hostname="LM-bwi-00873754" name="com.paypal.credit.workflowcommand.WorkflowReaderTest" tests="4" failures="0" timestamp="7 Dec 2015 21:43:46 GMT" time="0.067" errors="0">
  <testcase name="test" time="0.008" classname="com.paypal.credit.workflowcommand.WorkflowReaderTest"/>
  <testcase name="test" time="0.008" classname="com.paypal.credit.workflowcommand.WorkflowReaderTest"/>
  <testcase name="test" time="0.044" classname="com.paypal.credit.workflowcommand.WorkflowReaderTest"/>
  <testcase name="test" time="0.007" classname="com.paypal.credit.workflowcommand.WorkflowReaderTest"/>
</testsuite> <!-- com.paypal.credit.workflowcommand.WorkflowReaderTest -->
