<?xml version="1.0" encoding="UTF-8"?>
<!-- Generated by org.testng.reporters.JUnitReportReporter -->
<testsuite hostname="LM-bwi-00873754" name="com.paypal.credit.core.semantics.CollectionTypeVocabularyTest" tests="2" failures="0" timestamp="7 Dec 2015 21:43:46 GMT" time="0.002" errors="0">
  <testcase name="testFindByObjectSuffix" time="0.002" classname="com.paypal.credit.core.semantics.CollectionTypeVocabularyTest"/>
  <testcase name="testGetSimpleName" time="0.000" classname="com.paypal.credit.core.semantics.CollectionTypeVocabularyTest"/>
</testsuite> <!-- com.paypal.credit.core.semantics.CollectionTypeVocabularyTest -->
