<?xml version="1.0" encoding="UTF-8"?>
<!-- Generated by org.testng.reporters.JUnitReportReporter -->
<testsuite hostname="LM-bwi-00873754" name="com.paypal.credit.core.processorbridge.ProcessorBridgeDefaultFactoryTest" tests="1" failures="0" timestamp="12 Nov 2015 20:02:47 GMT" time="0.005" errors="0">
  <testcase name="test" time="0.005" classname="com.paypal.credit.core.processorbridge.ProcessorBridgeDefaultFactoryTest"/>
</testsuite> <!-- com.paypal.credit.core.processorbridge.ProcessorBridgeDefaultFactoryTest -->
