<?xml version="1.0" encoding="UTF-8"?>
<!-- Generated by org.testng.reporters.JUnitReportReporter -->
<testsuite hostname="LM-bwi-00873754" name="com.paypal.credit.core.semantics.CommandFactoryMethodSemanticsTest" tests="3" failures="0" timestamp="8 Dec 2015 22:02:00 GMT" time="0.003" errors="0">
  <testcase name="testKnownValidElements" time="0.001" classname="com.paypal.credit.core.semantics.CommandFactoryMethodSemanticsTest"/>
  <testcase name="testKnownValidElements" time="0.001" classname="com.paypal.credit.core.semantics.CommandFactoryMethodSemanticsTest"/>
  <testcase name="testKnownValidElements" time="0.001" classname="com.paypal.credit.core.semantics.CommandFactoryMethodSemanticsTest"/>
</testsuite> <!-- com.paypal.credit.core.semantics.CommandFactoryMethodSemanticsTest -->
