<?xml version="1.0" encoding="UTF-8"?>
<!-- Generated by org.testng.reporters.JUnitReportReporter -->
<testsuite hostname="LM-bwi-00873754" name="com.paypal.credit.core.semantics.CollectionTypeVocabularyTest" tests="2" failures="0" timestamp="8 Dec 2015 22:02:00 GMT" time="0.004" errors="0">
  <testcase name="testGetSimpleName" time="0.001" classname="com.paypal.credit.core.semantics.CollectionTypeVocabularyTest"/>
  <testcase name="testFindByObjectSuffix" time="0.003" classname="com.paypal.credit.core.semantics.CollectionTypeVocabularyTest"/>
</testsuite> <!-- com.paypal.credit.core.semantics.CollectionTypeVocabularyTest -->
