<?xml version="1.0" encoding="UTF-8"?>
<!-- Generated by org.testng.reporters.JUnitReportReporter -->
<testsuite hostname="LM-bwi-00873754" name="com.paypal.credit.core.commandprovider.CommandProviderTest" tests="1" failures="0" timestamp="4 Jan 2016 20:39:49 GMT" time="0.003" errors="0">
  <testcase name="testFindCommand" time="0.003" classname="com.paypal.credit.core.commandprovider.CommandProviderTest"/>
</testsuite> <!-- com.paypal.credit.core.commandprovider.CommandProviderTest -->
