<?xml version="1.0" encoding="UTF-8"?>
<!-- Generated by org.testng.reporters.JUnitReportReporter -->
<testsuite hostname="LM-bwi-00873754" name="com.paypal.credit.core.semantics.LogicalNameParserTest" tests="9" failures="0" timestamp="13 Sep 2016 16:22:16 GMT" time="0.002" errors="0">
  <testcase name="testValidLogicalNames" time="0.000" classname="com.paypal.credit.core.semantics.LogicalNameParserTest"/>
  <testcase name="testInvalidLogicalNames" time="0.000" classname="com.paypal.credit.core.semantics.LogicalNameParserTest"/>
  <testcase name="testValidLogicalNames" time="0.000" classname="com.paypal.credit.core.semantics.LogicalNameParserTest"/>
  <testcase name="testInvalidLogicalNames" time="0.000" classname="com.paypal.credit.core.semantics.LogicalNameParserTest"/>
  <testcase name="testInvalidLogicalNames" time="0.000" classname="com.paypal.credit.core.semantics.LogicalNameParserTest"/>
  <testcase name="testInvalidLogicalNames" time="0.001" classname="com.paypal.credit.core.semantics.LogicalNameParserTest"/>
  <testcase name="testValidLogicalNames" time="0.000" classname="com.paypal.credit.core.semantics.LogicalNameParserTest"/>
  <testcase name="testInvalidLogicalNames" time="0.000" classname="com.paypal.credit.core.semantics.LogicalNameParserTest"/>
  <testcase name="testValidLogicalNames" time="0.001" classname="com.paypal.credit.core.semantics.LogicalNameParserTest"/>
</testsuite> <!-- com.paypal.credit.core.semantics.LogicalNameParserTest -->
