<?xml version="1.0" encoding="UTF-8"?>
<!-- Generated by org.testng.reporters.JUnitReportReporter -->
<testsuite hostname="LM-bwi-00873754" name="com.paypal.credit.core.semantics.CommandClassSemanticsTest" tests="3" failures="0" timestamp="9 Feb 2016 18:48:20 GMT" time="0.002" errors="0">
  <testcase name="testInvalidCommandClassName" time="0.001" classname="com.paypal.credit.core.semantics.CommandClassSemanticsTest"/>
  <testcase name="testValidCommandClassName" time="0.000" classname="com.paypal.credit.core.semantics.CommandClassSemanticsTest"/>
  <testcase name="testValidCommandClassName" time="0.001" classname="com.paypal.credit.core.semantics.CommandClassSemanticsTest"/>
</testsuite> <!-- com.paypal.credit.core.semantics.CommandClassSemanticsTest -->
