<?xml version="1.0" encoding="UTF-8"?>
<!-- Generated by org.testng.reporters.JUnitReportReporter -->
<testsuite hostname="LM-BWI-00873754" name="com.paypal.credit.core.semantics.CommandClassSemanticsTest" tests="3" failures="0" timestamp="8 Feb 2017 14:19:10 GMT" time="0.003" errors="0">
  <testcase name="testValidCommandClassName" time="0.001" classname="com.paypal.credit.core.semantics.CommandClassSemanticsTest"/>
  <testcase name="testValidCommandClassName" time="0.000" classname="com.paypal.credit.core.semantics.CommandClassSemanticsTest"/>
  <testcase name="testInvalidCommandClassName" time="0.002" classname="com.paypal.credit.core.semantics.CommandClassSemanticsTest"/>
</testsuite> <!-- com.paypal.credit.core.semantics.CommandClassSemanticsTest -->
